2023-05-25 05:01:13 INFO  ProjectStartupHandler.runActivity(74) - ---------- Project opened ----------
2023-05-25 05:01:13 INFO  ProjectStartupHandler.runActivity(75) - ---------- Version 4.03 ----------

2023-05-25 05:01:13 INFO  ProjectStartupHandler.setAutoscrolls(346) - Autoscrolls successfully set
2023-05-25 05:01:13 INFO  ApacheHttpClient.isSessionAppropriateWithSecretKey(589) - The session is not set in the property file.
2023-05-25 05:01:13 INFO  ApacheHttpClient.login(250) - Waiting for server response.
2023-05-25 05:01:13 INFO  ApacheHttpClient.login(250) - Waiting for server response.
2023-05-25 05:01:13 INFO  AnalyticsService.run(86) - null : error in server. Status code :429
2023-05-25 05:01:14 INFO  ApacheHttpClient.login(254) - responseCode = 200
2023-05-25 05:01:14 INFO  ApacheHttpClient.login(277) - JSESSIONID OK
2023-05-25 05:01:14 INFO  ApacheHttpClient.refreshUserInfo(305) - responseCode = 200
2023-05-25 05:01:14 INFO  ApacheHttpClient.refreshUserInfo(311) - User information received.
2023-05-25 05:01:14 INFO  ApacheHttpClient.startGA(36) - GAService started.
2023-05-25 05:01:14 INFO  AnalyticsService.run(86) - null : error in server. Status code :429
2023-05-25 05:02:39 INFO  ApacheHttpClient.getWebResourceAsStream(502) - responseCode = 200
2023-05-25 05:02:40 INFO  ApacheHttpClient.getFilteredTasks(336) - responseCode = 200
2023-05-25 05:02:52 INFO  ApacheHttpClient.getTaskTemplateInfo(353) - responseCode = 200
2023-05-25 05:02:52 INFO  TaskInfoSelectorMouseListener.createDirectoryRecursive(78) - File created :/Users/sergeysterlikov/Developer/IdeaProjects/Test/JavaRushTasks/1.JavaSyntax/src/com
2023-05-25 05:02:52 INFO  TaskInfoSelectorMouseListener.createDirectoryRecursive(78) - File created :/Users/sergeysterlikov/Developer/IdeaProjects/Test/JavaRushTasks/1.JavaSyntax/src/com/javarush
2023-05-25 05:02:52 INFO  TaskInfoSelectorMouseListener.createDirectoryRecursive(78) - File created :/Users/sergeysterlikov/Developer/IdeaProjects/Test/JavaRushTasks/1.JavaSyntax/src/com/javarush/task
2023-05-25 05:02:52 INFO  TaskInfoSelectorMouseListener.createDirectoryRecursive(78) - File created :/Users/sergeysterlikov/Developer/IdeaProjects/Test/JavaRushTasks/1.JavaSyntax/src/com/javarush/task/task01
2023-05-25 05:02:52 INFO  TaskInfoSelectorMouseListener.createDirectoryRecursive(78) - File created :/Users/sergeysterlikov/Developer/IdeaProjects/Test/JavaRushTasks/1.JavaSyntax/src/com/javarush/task/task01/task0142
2023-05-25 05:02:53 INFO  AnalyticsService.run(86) - null : error in server. Status code :429
2023-05-25 05:04:00 INFO  ApacheHttpClient.getWebResourceAsStream(502) - responseCode = 200
2023-05-25 05:04:00 INFO  ApacheHttpClient.completed(32) - responseCode = 400
2023-05-25 05:04:00 INFO  ApacheHttpClient.getTask(488) - responseCode = 200
2023-05-25 05:04:01 WARN  TaskCompleted.run(74) - You already completed this task: "Амиго очень умный"
com.homework.plugin.analytics.PluginWarningException: warning
	at com.homework.plugin.callback.TaskCompleted.run(TaskCompleted.java:74)
	at com.intellij.openapi.application.TransactionGuardImpl.runWithWritingAllowed(TransactionGuardImpl.java:209)
	at com.intellij.openapi.application.TransactionGuardImpl.access$100(TransactionGuardImpl.java:21)
	at com.intellij.openapi.application.TransactionGuardImpl$1.run(TransactionGuardImpl.java:191)
	at com.intellij.openapi.application.impl.ApplicationImpl.runIntendedWriteActionOnCurrentThread(ApplicationImpl.java:831)
	at com.intellij.openapi.application.impl.ApplicationImpl$3.run(ApplicationImpl.java:456)
	at com.intellij.openapi.application.impl.FlushQueue.doRun(FlushQueue.java:79)
	at com.intellij.openapi.application.impl.FlushQueue.runNextEvent(FlushQueue.java:122)
	at com.intellij.openapi.application.impl.FlushQueue.flushNow(FlushQueue.java:41)
	at java.desktop/java.awt.event.InvocationEvent.dispatch(InvocationEvent.java:318)
	at java.desktop/java.awt.EventQueue.dispatchEventImpl(EventQueue.java:788)
	at java.desktop/java.awt.EventQueue$3.run(EventQueue.java:739)
	at java.desktop/java.awt.EventQueue$3.run(EventQueue.java:731)
	at java.base/java.security.AccessController.doPrivileged(AccessController.java:399)
	at java.base/java.security.ProtectionDomain$JavaSecurityAccessImpl.doIntersectionPrivilege(ProtectionDomain.java:86)
	at java.desktop/java.awt.EventQueue.dispatchEvent(EventQueue.java:758)
	at com.intellij.ide.IdeEventQueue.defaultDispatchEvent(IdeEventQueue.kt:667)
	at com.intellij.ide.IdeEventQueue._dispatchEvent$lambda$7(IdeEventQueue.kt:571)
	at com.intellij.openapi.application.impl.ApplicationImpl.withoutImplicitRead(ApplicationImpl.java:1446)
	at com.intellij.ide.IdeEventQueue._dispatchEvent(IdeEventQueue.kt:571)
	at com.intellij.ide.IdeEventQueue.access$_dispatchEvent(IdeEventQueue.kt:68)
	at com.intellij.ide.IdeEventQueue$dispatchEvent$processEventRunnable$1$1$1.compute(IdeEventQueue.kt:349)
	at com.intellij.ide.IdeEventQueue$dispatchEvent$processEventRunnable$1$1$1.compute(IdeEventQueue.kt:348)
	at com.intellij.openapi.progress.impl.CoreProgressManager.computePrioritized(CoreProgressManager.java:787)
	at com.intellij.ide.IdeEventQueue$dispatchEvent$processEventRunnable$1$1.invoke(IdeEventQueue.kt:348)
	at com.intellij.ide.IdeEventQueue$dispatchEvent$processEventRunnable$1$1.invoke(IdeEventQueue.kt:343)
	at com.intellij.ide.IdeEventQueueKt.performActivity$lambda$1(IdeEventQueue.kt:995)
	at com.intellij.openapi.application.TransactionGuardImpl.performActivity(TransactionGuardImpl.java:105)
	at com.intellij.ide.IdeEventQueueKt.performActivity(IdeEventQueue.kt:995)
	at com.intellij.ide.IdeEventQueue.dispatchEvent$lambda$4(IdeEventQueue.kt:343)
	at com.intellij.openapi.application.impl.ApplicationImpl.runIntendedWriteActionOnCurrentThread(ApplicationImpl.java:831)
	at com.intellij.ide.IdeEventQueue.dispatchEvent(IdeEventQueue.kt:385)
	at java.desktop/java.awt.EventDispatchThread.pumpOneEventForFilters(EventDispatchThread.java:207)
	at java.desktop/java.awt.EventDispatchThread.pumpEventsForFilter(EventDispatchThread.java:128)
	at java.desktop/java.awt.EventDispatchThread.pumpEventsForHierarchy(EventDispatchThread.java:117)
	at java.desktop/java.awt.EventDispatchThread.pumpEvents(EventDispatchThread.java:113)
	at java.desktop/java.awt.EventDispatchThread.pumpEvents(EventDispatchThread.java:105)
	at java.desktop/java.awt.EventDispatchThread.run(EventDispatchThread.java:92)
2023-05-25 05:04:01 INFO  AnalyticsService.run(86) - null : error in server. Status code :429
2023-05-25 05:04:01 INFO  AnalyticsService.run(86) - null : error in server. Status code :429
2023-05-25 05:04:12 INFO  ApacheHttpClient.getWebResourceAsStream(502) - responseCode = 200
2023-05-25 05:04:13 INFO  ApacheHttpClient.resetTask(324) - responseCode = 200
2023-05-25 05:04:14 INFO  ApacheHttpClient.getTask(488) - responseCode = 200
2023-05-25 05:04:14 INFO  ApacheHttpClient.getTaskTemplateInfo(353) - responseCode = 200
2023-05-25 05:04:14 INFO  AnalyticsService.run(86) - null : error in server. Status code :429
2023-05-25 05:04:50 INFO  ApacheHttpClient.getWebResourceAsStream(502) - responseCode = 200
2023-05-25 05:04:50 INFO  ApacheHttpClient.getTask(488) - responseCode = 200
2023-05-25 05:04:51 INFO  ApacheHttpClient.completed(32) - responseCode = 400
2023-05-25 05:04:51 WARN  TaskCompleted.run(74) - You already completed this task: "Амиго очень умный"
com.homework.plugin.analytics.PluginWarningException: warning
	at com.homework.plugin.callback.TaskCompleted.run(TaskCompleted.java:74)
	at com.intellij.openapi.application.TransactionGuardImpl.runWithWritingAllowed(TransactionGuardImpl.java:209)
	at com.intellij.openapi.application.TransactionGuardImpl.access$100(TransactionGuardImpl.java:21)
	at com.intellij.openapi.application.TransactionGuardImpl$1.run(TransactionGuardImpl.java:191)
	at com.intellij.openapi.application.impl.ApplicationImpl.runIntendedWriteActionOnCurrentThread(ApplicationImpl.java:831)
	at com.intellij.openapi.application.impl.ApplicationImpl$3.run(ApplicationImpl.java:456)
	at com.intellij.openapi.application.impl.FlushQueue.doRun(FlushQueue.java:79)
	at com.intellij.openapi.application.impl.FlushQueue.runNextEvent(FlushQueue.java:122)
	at com.intellij.openapi.application.impl.FlushQueue.flushNow(FlushQueue.java:41)
	at java.desktop/java.awt.event.InvocationEvent.dispatch(InvocationEvent.java:318)
	at java.desktop/java.awt.EventQueue.dispatchEventImpl(EventQueue.java:788)
	at java.desktop/java.awt.EventQueue$3.run(EventQueue.java:739)
	at java.desktop/java.awt.EventQueue$3.run(EventQueue.java:731)
	at java.base/java.security.AccessController.doPrivileged(AccessController.java:399)
	at java.base/java.security.ProtectionDomain$JavaSecurityAccessImpl.doIntersectionPrivilege(ProtectionDomain.java:86)
	at java.desktop/java.awt.EventQueue.dispatchEvent(EventQueue.java:758)
	at com.intellij.ide.IdeEventQueue.defaultDispatchEvent(IdeEventQueue.kt:667)
	at com.intellij.ide.IdeEventQueue._dispatchEvent$lambda$7(IdeEventQueue.kt:571)
	at com.intellij.openapi.application.impl.ApplicationImpl.withoutImplicitRead(ApplicationImpl.java:1446)
	at com.intellij.ide.IdeEventQueue._dispatchEvent(IdeEventQueue.kt:571)
	at com.intellij.ide.IdeEventQueue.access$_dispatchEvent(IdeEventQueue.kt:68)
	at com.intellij.ide.IdeEventQueue$dispatchEvent$processEventRunnable$1$1$1.compute(IdeEventQueue.kt:349)
	at com.intellij.ide.IdeEventQueue$dispatchEvent$processEventRunnable$1$1$1.compute(IdeEventQueue.kt:348)
	at com.intellij.openapi.progress.impl.CoreProgressManager.computePrioritized(CoreProgressManager.java:787)
	at com.intellij.ide.IdeEventQueue$dispatchEvent$processEventRunnable$1$1.invoke(IdeEventQueue.kt:348)
	at com.intellij.ide.IdeEventQueue$dispatchEvent$processEventRunnable$1$1.invoke(IdeEventQueue.kt:343)
	at com.intellij.ide.IdeEventQueueKt.performActivity$lambda$1(IdeEventQueue.kt:995)
	at com.intellij.openapi.application.TransactionGuardImpl.performActivity(TransactionGuardImpl.java:105)
	at com.intellij.ide.IdeEventQueueKt.performActivity(IdeEventQueue.kt:995)
	at com.intellij.ide.IdeEventQueue.dispatchEvent$lambda$4(IdeEventQueue.kt:343)
	at com.intellij.openapi.application.impl.ApplicationImpl.runIntendedWriteActionOnCurrentThread(ApplicationImpl.java:831)
	at com.intellij.ide.IdeEventQueue.dispatchEvent(IdeEventQueue.kt:385)
	at java.desktop/java.awt.EventDispatchThread.pumpOneEventForFilters(EventDispatchThread.java:207)
	at java.desktop/java.awt.EventDispatchThread.pumpEventsForFilter(EventDispatchThread.java:128)
	at java.desktop/java.awt.EventDispatchThread.pumpEventsForHierarchy(EventDispatchThread.java:117)
	at java.desktop/java.awt.EventDispatchThread.pumpEvents(EventDispatchThread.java:113)
	at java.desktop/java.awt.EventDispatchThread.pumpEvents(EventDispatchThread.java:105)
	at java.desktop/java.awt.EventDispatchThread.run(EventDispatchThread.java:92)
2023-05-25 05:04:51 INFO  AnalyticsService.run(86) - null : error in server. Status code :429
2023-05-25 05:04:51 INFO  AnalyticsService.run(86) - null : error in server. Status code :429
2023-05-25 05:04:57 INFO  ApacheHttpClient.getWebResourceAsStream(502) - responseCode = 200
2023-05-25 05:04:57 INFO  ApacheHttpClient.getTask(488) - responseCode = 200
2023-05-25 05:04:57 INFO  ApacheHttpClient.completed(32) - responseCode = 400
2023-05-25 05:04:57 WARN  TaskCompleted.run(74) - You already completed this task: "Амиго очень умный"
com.homework.plugin.analytics.PluginWarningException: warning
	at com.homework.plugin.callback.TaskCompleted.run(TaskCompleted.java:74)
	at com.intellij.openapi.application.TransactionGuardImpl.runWithWritingAllowed(TransactionGuardImpl.java:209)
	at com.intellij.openapi.application.TransactionGuardImpl.access$100(TransactionGuardImpl.java:21)
	at com.intellij.openapi.application.TransactionGuardImpl$1.run(TransactionGuardImpl.java:191)
	at com.intellij.openapi.application.impl.ApplicationImpl.runIntendedWriteActionOnCurrentThread(ApplicationImpl.java:831)
	at com.intellij.openapi.application.impl.ApplicationImpl$3.run(ApplicationImpl.java:456)
	at com.intellij.openapi.application.impl.FlushQueue.doRun(FlushQueue.java:79)
	at com.intellij.openapi.application.impl.FlushQueue.runNextEvent(FlushQueue.java:122)
	at com.intellij.openapi.application.impl.FlushQueue.flushNow(FlushQueue.java:41)
	at java.desktop/java.awt.event.InvocationEvent.dispatch(InvocationEvent.java:318)
	at java.desktop/java.awt.EventQueue.dispatchEventImpl(EventQueue.java:788)
	at java.desktop/java.awt.EventQueue$3.run(EventQueue.java:739)
	at java.desktop/java.awt.EventQueue$3.run(EventQueue.java:731)
	at java.base/java.security.AccessController.doPrivileged(AccessController.java:399)
	at java.base/java.security.ProtectionDomain$JavaSecurityAccessImpl.doIntersectionPrivilege(ProtectionDomain.java:86)
	at java.desktop/java.awt.EventQueue.dispatchEvent(EventQueue.java:758)
	at com.intellij.ide.IdeEventQueue.defaultDispatchEvent(IdeEventQueue.kt:667)
	at com.intellij.ide.IdeEventQueue._dispatchEvent$lambda$7(IdeEventQueue.kt:571)
	at com.intellij.openapi.application.impl.ApplicationImpl.withoutImplicitRead(ApplicationImpl.java:1446)
	at com.intellij.ide.IdeEventQueue._dispatchEvent(IdeEventQueue.kt:571)
	at com.intellij.ide.IdeEventQueue.access$_dispatchEvent(IdeEventQueue.kt:68)
	at com.intellij.ide.IdeEventQueue$dispatchEvent$processEventRunnable$1$1$1.compute(IdeEventQueue.kt:349)
	at com.intellij.ide.IdeEventQueue$dispatchEvent$processEventRunnable$1$1$1.compute(IdeEventQueue.kt:348)
	at com.intellij.openapi.progress.impl.CoreProgressManager.computePrioritized(CoreProgressManager.java:787)
	at com.intellij.ide.IdeEventQueue$dispatchEvent$processEventRunnable$1$1.invoke(IdeEventQueue.kt:348)
	at com.intellij.ide.IdeEventQueue$dispatchEvent$processEventRunnable$1$1.invoke(IdeEventQueue.kt:343)
	at com.intellij.ide.IdeEventQueueKt.performActivity$lambda$1(IdeEventQueue.kt:995)
	at com.intellij.openapi.application.TransactionGuardImpl.performActivity(TransactionGuardImpl.java:105)
	at com.intellij.ide.IdeEventQueueKt.performActivity(IdeEventQueue.kt:995)
	at com.intellij.ide.IdeEventQueue.dispatchEvent$lambda$4(IdeEventQueue.kt:343)
	at com.intellij.openapi.application.impl.ApplicationImpl.runIntendedWriteActionOnCurrentThread(ApplicationImpl.java:831)
	at com.intellij.ide.IdeEventQueue.dispatchEvent(IdeEventQueue.kt:385)
	at java.desktop/java.awt.EventDispatchThread.pumpOneEventForFilters(EventDispatchThread.java:207)
	at java.desktop/java.awt.EventDispatchThread.pumpEventsForFilter(EventDispatchThread.java:128)
	at java.desktop/java.awt.EventDispatchThread.pumpEventsForHierarchy(EventDispatchThread.java:117)
	at java.desktop/java.awt.EventDispatchThread.pumpEvents(EventDispatchThread.java:113)
	at java.desktop/java.awt.EventDispatchThread.pumpEvents(EventDispatchThread.java:105)
	at java.desktop/java.awt.EventDispatchThread.run(EventDispatchThread.java:92)
2023-05-25 05:04:57 INFO  AnalyticsService.run(86) - null : error in server. Status code :429
2023-05-25 05:04:57 INFO  AnalyticsService.run(86) - null : error in server. Status code :429
2023-05-25 05:05:17 INFO  ApacheHttpClient.getWebResourceAsStream(502) - responseCode = 200
2023-05-25 05:05:19 INFO  ApacheHttpClient.getFilteredTasks(336) - responseCode = 200
2023-05-25 05:05:25 INFO  ApacheHttpClient.getTaskTemplateInfo(353) - responseCode = 200
2023-05-25 05:05:25 INFO  TaskInfoSelectorMouseListener.createDirectoryRecursive(78) - File created :/Users/sergeysterlikov/Developer/IdeaProjects/Test/JavaRushTasks/1.JavaSyntax/src/com/javarush/task/task01/task0101
2023-05-25 05:05:26 INFO  AnalyticsService.run(86) - null : error in server. Status code :429
2023-05-25 05:06:02 INFO  ApacheHttpClient.getWebResourceAsStream(502) - responseCode = 200
2023-05-25 05:06:02 INFO  ApacheHttpClient.completed(32) - responseCode = 400
2023-05-25 05:06:03 INFO  ApacheHttpClient.getTask(488) - responseCode = 200
2023-05-25 05:06:03 WARN  TaskCompleted.run(74) - You already completed this task: "Я думаю, быть программистом круто"
com.homework.plugin.analytics.PluginWarningException: warning
	at com.homework.plugin.callback.TaskCompleted.run(TaskCompleted.java:74)
	at com.intellij.openapi.application.TransactionGuardImpl.runWithWritingAllowed(TransactionGuardImpl.java:209)
	at com.intellij.openapi.application.TransactionGuardImpl.access$100(TransactionGuardImpl.java:21)
	at com.intellij.openapi.application.TransactionGuardImpl$1.run(TransactionGuardImpl.java:191)
	at com.intellij.openapi.application.impl.ApplicationImpl.runIntendedWriteActionOnCurrentThread(ApplicationImpl.java:831)
	at com.intellij.openapi.application.impl.ApplicationImpl$3.run(ApplicationImpl.java:456)
	at com.intellij.openapi.application.impl.FlushQueue.doRun(FlushQueue.java:79)
	at com.intellij.openapi.application.impl.FlushQueue.runNextEvent(FlushQueue.java:122)
	at com.intellij.openapi.application.impl.FlushQueue.flushNow(FlushQueue.java:41)
	at java.desktop/java.awt.event.InvocationEvent.dispatch(InvocationEvent.java:318)
	at java.desktop/java.awt.EventQueue.dispatchEventImpl(EventQueue.java:788)
	at java.desktop/java.awt.EventQueue$3.run(EventQueue.java:739)
	at java.desktop/java.awt.EventQueue$3.run(EventQueue.java:731)
	at java.base/java.security.AccessController.doPrivileged(AccessController.java:399)
	at java.base/java.security.ProtectionDomain$JavaSecurityAccessImpl.doIntersectionPrivilege(ProtectionDomain.java:86)
	at java.desktop/java.awt.EventQueue.dispatchEvent(EventQueue.java:758)
	at com.intellij.ide.IdeEventQueue.defaultDispatchEvent(IdeEventQueue.kt:667)
	at com.intellij.ide.IdeEventQueue._dispatchEvent$lambda$7(IdeEventQueue.kt:571)
	at com.intellij.openapi.application.impl.ApplicationImpl.withoutImplicitRead(ApplicationImpl.java:1446)
	at com.intellij.ide.IdeEventQueue._dispatchEvent(IdeEventQueue.kt:571)
	at com.intellij.ide.IdeEventQueue.access$_dispatchEvent(IdeEventQueue.kt:68)
	at com.intellij.ide.IdeEventQueue$dispatchEvent$processEventRunnable$1$1$1.compute(IdeEventQueue.kt:349)
	at com.intellij.ide.IdeEventQueue$dispatchEvent$processEventRunnable$1$1$1.compute(IdeEventQueue.kt:348)
	at com.intellij.openapi.progress.impl.CoreProgressManager.computePrioritized(CoreProgressManager.java:787)
	at com.intellij.ide.IdeEventQueue$dispatchEvent$processEventRunnable$1$1.invoke(IdeEventQueue.kt:348)
	at com.intellij.ide.IdeEventQueue$dispatchEvent$processEventRunnable$1$1.invoke(IdeEventQueue.kt:343)
	at com.intellij.ide.IdeEventQueueKt.performActivity$lambda$1(IdeEventQueue.kt:995)
	at com.intellij.openapi.application.TransactionGuardImpl.performActivity(TransactionGuardImpl.java:105)
	at com.intellij.ide.IdeEventQueueKt.performActivity(IdeEventQueue.kt:995)
	at com.intellij.ide.IdeEventQueue.dispatchEvent$lambda$4(IdeEventQueue.kt:343)
	at com.intellij.openapi.application.impl.ApplicationImpl.runIntendedWriteActionOnCurrentThread(ApplicationImpl.java:831)
	at com.intellij.ide.IdeEventQueue.dispatchEvent(IdeEventQueue.kt:385)
	at java.desktop/java.awt.EventDispatchThread.pumpOneEventForFilters(EventDispatchThread.java:207)
	at java.desktop/java.awt.EventDispatchThread.pumpEventsForFilter(EventDispatchThread.java:128)
	at java.desktop/java.awt.EventDispatchThread.pumpEventsForHierarchy(EventDispatchThread.java:117)
	at java.desktop/java.awt.EventDispatchThread.pumpEvents(EventDispatchThread.java:113)
	at java.desktop/java.awt.EventDispatchThread.pumpEvents(EventDispatchThread.java:105)
	at java.desktop/java.awt.EventDispatchThread.run(EventDispatchThread.java:92)
2023-05-25 05:06:03 INFO  AnalyticsService.run(86) - null : error in server. Status code :429
2023-05-25 05:06:03 INFO  AnalyticsService.run(86) - null : error in server. Status code :429
2023-05-25 05:06:07 INFO  ApacheHttpClient.getWebResourceAsStream(502) - responseCode = 200
2023-05-25 05:06:09 INFO  ApacheHttpClient.getFilteredTasks(336) - responseCode = 200
2023-05-25 05:06:50 INFO  ApacheHttpClient.getTaskTemplateInfo(353) - responseCode = 200
2023-05-25 05:06:50 INFO  TaskInfoSelectorMouseListener.createDirectoryRecursive(78) - File created :/Users/sergeysterlikov/Developer/IdeaProjects/Test/JavaRushTasks/1.JavaSyntax/src/com/javarush/task/pro
2023-05-25 05:06:50 INFO  TaskInfoSelectorMouseListener.createDirectoryRecursive(78) - File created :/Users/sergeysterlikov/Developer/IdeaProjects/Test/JavaRushTasks/1.JavaSyntax/src/com/javarush/task/pro/task04
2023-05-25 05:06:50 INFO  TaskInfoSelectorMouseListener.createDirectoryRecursive(78) - File created :/Users/sergeysterlikov/Developer/IdeaProjects/Test/JavaRushTasks/1.JavaSyntax/src/com/javarush/task/pro/task04/task0404
2023-05-25 05:06:50 INFO  AnalyticsService.run(86) - null : error in server. Status code :429
2023-05-25 05:13:09 INFO  ApacheHttpClient.getWebResourceAsStream(502) - responseCode = 200
2023-05-25 05:13:10 INFO  ApacheHttpClient.getTask(488) - responseCode = 200
2023-05-25 05:13:11 INFO  ApacheHttpClient.completed(32) - responseCode = 200
2023-05-25 05:13:11 INFO  AnalyticsService.run(86) - null : error in server. Status code :429
2023-05-25 05:34:40 INFO  ApacheHttpClient.getWebResourceAsStream(502) - responseCode = 200
2023-05-25 05:34:41 INFO  ApacheHttpClient.getTask(488) - responseCode = 200
2023-05-25 05:34:42 INFO  ApacheHttpClient.completed(32) - responseCode = 200
2023-05-25 05:34:42 INFO  ApacheHttpClient.getTask(488) - responseCode = 200
2023-05-25 05:34:42 INFO  AnalyticsService.run(86) - null : error in server. Status code :429
2023-05-25 05:34:55 INFO  ApacheHttpClient.getWebResourceAsStream(502) - responseCode = 200
2023-05-25 05:34:57 INFO  ApacheHttpClient.getFilteredTasks(336) - responseCode = 200
2023-05-25 05:35:11 INFO  ApacheHttpClient.getTaskTemplateInfo(353) - responseCode = 200
2023-05-25 05:35:11 INFO  TaskInfoSelectorMouseListener.createDirectoryRecursive(78) - File created :/Users/sergeysterlikov/Developer/IdeaProjects/Test/JavaRushTasks/1.JavaSyntax/src/com/javarush/task/pro/task04/task0405
2023-05-25 05:35:11 INFO  AnalyticsService.run(86) - null : error in server. Status code :429
2023-05-25 05:45:36 INFO  ApacheHttpClient.getWebResourceAsStream(502) - responseCode = 200
2023-05-25 05:45:37 INFO  ApacheHttpClient.getTask(488) - responseCode = 200
2023-05-25 05:45:38 INFO  ApacheHttpClient.completed(32) - responseCode = 200
2023-05-25 05:45:38 INFO  ApacheHttpClient.getTask(488) - responseCode = 200
2023-05-25 05:45:38 INFO  AnalyticsService.run(86) - null : error in server. Status code :429
2023-05-25 05:45:54 INFO  ApacheHttpClient.getWebResourceAsStream(502) - responseCode = 200
2023-05-25 05:45:56 INFO  ApacheHttpClient.getFilteredTasks(336) - responseCode = 200
2023-05-25 05:47:34 INFO  ApacheHttpClient.getFilteredTasks(336) - responseCode = 200
2023-05-25 05:47:52 INFO  ApacheHttpClient.getFilteredTasks(336) - responseCode = 200
2023-05-25 05:48:13 INFO  ApacheHttpClient.getFilteredTasks(336) - responseCode = 200
2023-05-25 05:48:18 INFO  ApacheHttpClient.getFilteredTasks(336) - responseCode = 200
2023-05-25 05:48:23 INFO  ApacheHttpClient.getFilteredTasks(336) - responseCode = 200
2023-05-25 05:50:08 INFO  ApacheHttpClient.getTaskTemplateInfo(353) - responseCode = 200
2023-05-25 05:50:08 INFO  TaskInfoSelectorMouseListener.createDirectoryRecursive(78) - File created :/Users/sergeysterlikov/Developer/IdeaProjects/Test/JavaRushTasks/1.JavaSyntax/src/com/javarush/task/pro/task15
2023-05-25 05:50:08 INFO  TaskInfoSelectorMouseListener.createDirectoryRecursive(78) - File created :/Users/sergeysterlikov/Developer/IdeaProjects/Test/JavaRushTasks/1.JavaSyntax/src/com/javarush/task/pro/task15/task1504
2023-05-25 05:50:09 INFO  AnalyticsService.run(86) - null : error in server. Status code :429
2023-05-25 06:03:12 INFO  ApacheHttpClient.getWebResourceAsStream(502) - responseCode = 200
2023-05-25 06:03:12 INFO  ApacheHttpClient.getTask(488) - responseCode = 200
2023-05-25 06:03:12 INFO  AnalyticsService.run(86) - null : error in server. Status code :429
2023-05-25 18:51:24 INFO  ProjectStartupHandler.projectClosing(155) - ---------- Project closed ----------

2023-05-25 18:51:25 INFO  AnalyticsService.run(86) - null : error in server. Status code :429
2023-05-25 18:51:25 INFO  ApacheHttpClient.getTask(488) - responseCode = 200
2023-05-25 18:51:25 INFO  ApacheHttpClient.getTask(488) - responseCode = 200
2023-05-25 18:51:25 INFO  ApacheHttpClient.getTask(488) - responseCode = 200
2023-05-25 18:51:25 INFO  ApacheHttpClient.getTask(488) - responseCode = 200
2023-05-25 18:51:25 INFO  ApacheHttpClient.getTask(488) - responseCode = 200
2023-05-25 18:51:26 INFO  PluginProjectService.dispose(41) - PluginProjectService for disposed.
2023-05-25 23:04:10 INFO  ProjectStartupHandler.runActivity(74) - ---------- Project opened ----------
2023-05-25 23:04:10 INFO  ProjectStartupHandler.runActivity(75) - ---------- Version 4.03 ----------

2023-05-25 23:04:10 INFO  ProjectStartupHandler.setAutoscrolls(346) - Autoscrolls successfully set
2023-05-25 23:04:11 INFO  ApacheHttpClient.isSessionAppropriateWithSecretKey(602) - Waiting for server response.
2023-05-25 23:04:11 INFO  ApacheHttpClient.isSessionAppropriateWithSecretKey(602) - Waiting for server response.
2023-05-25 23:04:11 INFO  ApacheHttpClient.refreshUserInfo(305) - responseCode = 200
2023-05-25 23:04:11 INFO  ApacheHttpClient.refreshUserInfo(311) - User information received.
2023-05-25 23:04:11 INFO  ApacheHttpClient.startGA(36) - GAService started.
2023-05-25 23:04:11 INFO  AnalyticsService.run(86) - null : error in server. Status code :429
2023-05-25 23:05:12 INFO  ApacheHttpClient.getWebResourceAsStream(502) - responseCode = 200
2023-05-25 23:05:12 INFO  ApacheHttpClient.getFilteredTasks(336) - responseCode = 200
2023-05-25 23:05:19 INFO  ApacheHttpClient.getFilteredTasks(336) - responseCode = 200
2023-05-25 23:05:19 INFO  ApacheHttpClient.getTaskTemplateInfo(353) - responseCode = 200
2023-05-25 23:05:24 INFO  AnalyticsService.run(86) - null : error in server. Status code :429
2023-05-25 23:28:22 INFO  ApacheHttpClient.getWebResourceAsStream(502) - responseCode = 200
2023-05-25 23:28:22 INFO  ApacheHttpClient.getTask(488) - responseCode = 200
2023-05-25 23:28:34 INFO  ApacheHttpClient.completed(32) - responseCode = 200
2023-05-25 23:28:35 INFO  AnalyticsService.run(86) - null : error in server. Status code :429
2023-05-25 23:30:02 INFO  ApacheHttpClient.getWebResourceAsStream(502) - responseCode = 200
2023-05-25 23:30:02 INFO  ApacheHttpClient.getTask(488) - responseCode = 200
2023-05-25 23:30:12 INFO  ApacheHttpClient.completed(32) - responseCode = 200
2023-05-25 23:30:13 INFO  AnalyticsService.run(86) - null : error in server. Status code :429
2023-05-25 23:31:14 INFO  ApacheHttpClient.getWebResourceAsStream(502) - responseCode = 200
2023-05-25 23:31:23 INFO  ApacheHttpClient.getTask(488) - responseCode = 200
2023-05-25 23:31:33 INFO  ApacheHttpClient.completed(32) - responseCode = 200
2023-05-25 23:31:34 INFO  AnalyticsService.run(86) - null : error in server. Status code :429
2023-05-25 23:37:22 INFO  ApacheHttpClient.getWebResourceAsStream(502) - responseCode = 200
2023-05-25 23:37:23 INFO  ApacheHttpClient.getTask(488) - responseCode = 200
2023-05-25 23:37:35 INFO  ApacheHttpClient.completed(32) - responseCode = 200
2023-05-25 23:37:36 INFO  AnalyticsService.run(86) - null : error in server. Status code :429
